[debug] [2023-05-10T07:25:22.136Z] ----------------------------------------------------------------------
[debug] [2023-05-10T07:25:22.138Z] Command:       C:\Program Files\nodejs\node.exe C:\Users\82109\AppData\Roaming\npm\node_modules\firebase-tools\lib\bin\firebase.js init
[debug] [2023-05-10T07:25:22.139Z] CLI Version:   9.16.6
[debug] [2023-05-10T07:25:22.139Z] Platform:      win32
[debug] [2023-05-10T07:25:22.139Z] Node Version:  v14.15.1
[debug] [2023-05-10T07:25:22.141Z] Time:          Wed May 10 2023 16:25:22 GMT+0900 (대한민국 표준시)
[debug] [2023-05-10T07:25:22.141Z] ----------------------------------------------------------------------
[debug] 
[debug] [2023-05-10T07:25:22.147Z] >>> [apiv2][query] GET https://firebase-public.firebaseio.com/cli.json [none]
[debug] [2023-05-10T07:25:22.175Z] > command requires scopes: ["email","openid","https://www.googleapis.com/auth/cloudplatformprojects.readonly","https://www.googleapis.com/auth/firebase","https://www.googleapis.com/auth/cloud-platform"]
[debug] [2023-05-10T07:25:22.175Z] > authorizing via signed-in user (muy5310@kookmin.ac.kr)
[info] 
     ######## #### ########  ######## ########     ###     ######  ########
     ##        ##  ##     ## ##       ##     ##  ##   ##  ##       ##
     ######    ##  ########  ######   ########  #########  ######  ######
     ##        ##  ##    ##  ##       ##     ## ##     ##       ## ##
     ##       #### ##     ## ######## ########  ##     ##  ######  ########

You're about to initialize a Firebase project in this directory:

  C:\Users\82109\Desktop\4-1학기\웹클\중간과제\DongnaeBook

[debug] [2023-05-10T07:25:22.664Z] <<< [apiv2][status] GET https://firebase-public.firebaseio.com/cli.json 200
[debug] [2023-05-10T07:25:22.664Z] <<< [apiv2][body] GET https://firebase-public.firebaseio.com/cli.json {"cloudBuildErrorAfter":1594252800000,"cloudBuildWarnAfter":1590019200000,"defaultNode10After":1594252800000,"minVersion":"3.0.5","node8DeploysDisabledAfter":1613390400000,"node8RuntimeDisabledAfter":1615809600000,"node8WarnAfter":1600128000000}
